<?xml version="1.0" encoding="UTF-8"?>
<!-- Generated by org.testng.reporters.JUnitXMLReporter -->
<testsuite ignored="0" hostname="K510LTRV" failures="3" tests="9" name="Test" time="0.13" errors="0" timestamp="2024-05-26T23:23:17 IST">
  <testcase classname="com.ust.advantageshopping.NewTest" name="failTest" time="0.015">
    <failure type="java.lang.AssertionError" message="expected [true] but found [false]">
      <![CDATA[java.lang.AssertionError: expected [true] but found [false]
at com.ust.advantageshopping.NewTest.failTest(NewTest.java:16)
at java.base/java.util.ArrayList.forEach(ArrayList.java:1511)
... Removed 31 stack frames]]>
    </failure>
  </testcase> <!-- failTest -->
  <testcase classname="com.ust.advantageshopping.NewTest" name="thirdTest" time="0.0">
    <skipped/>
  </testcase> <!-- thirdTest -->
  <testcase classname="com.ust.advantageshopping.NewTest" name="successTest" time="0.002"/>
  <testcase classname="com.ust.advantageshopping.test3" name="failTest" time="0.002">
    <failure type="java.lang.AssertionError" message="expected [true] but found [false]">
      <![CDATA[java.lang.AssertionError: expected [true] but found [false]
at com.ust.advantageshopping.test3.failTest(test3.java:14)
at java.base/java.util.ArrayList.forEach(ArrayList.java:1511)
... Removed 31 stack frames]]>
    </failure>
  </testcase> <!-- failTest -->
  <testcase classname="com.ust.advantageshopping.test3" name="thirdTest" time="0.0">
    <skipped/>
  </testcase> <!-- thirdTest -->
  <testcase classname="com.ust.advantageshopping.test3" name="successTest" time="0.005"/>
  <testcase classname="com.ust.advantageshopping.test2" name="failTest" time="0.002">
    <failure type="java.lang.AssertionError" message="expected [true] but found [false]">
      <![CDATA[java.lang.AssertionError: expected [true] but found [false]
at com.ust.advantageshopping.test2.failTest(test2.java:14)
at java.base/java.util.ArrayList.forEach(ArrayList.java:1511)
... Removed 31 stack frames]]>
    </failure>
  </testcase> <!-- failTest -->
  <testcase classname="com.ust.advantageshopping.test2" name="thirdTest" time="0.0">
    <skipped/>
  </testcase> <!-- thirdTest -->
  <testcase classname="com.ust.advantageshopping.test2" name="successTest" time="0.003"/>
</testsuite> <!-- Test -->
